<?xml version="1.0" encoding="UTF-8"?>
<testsuite name="com.glenntess.calculator.CalculatorApplicationTests" tests="1" skipped="0" failures="0" errors="0" timestamp="2023-04-24T21:23:01" hostname="Glenns-Mac-mini.local" time="0.279">
  <properties/>
  <testcase name="contextLoads()" classname="com.glenntess.calculator.CalculatorApplicationTests" time="0.279"/>
  <system-out><![CDATA[07:22:59.882 [Test worker] DEBUG org.springframework.boot.test.context.SpringBootTestContextBootstrapper -- Neither @ContextConfiguration nor @ContextHierarchy found for test class [CalculatorApplicationTests]: using SpringBootContextLoader
07:22:59.888 [Test worker] DEBUG org.springframework.test.context.support.AbstractContextLoader -- Could not detect default resource locations for test class [com.glenntess.calculator.CalculatorApplicationTests]: no resource found for suffixes {-context.xml, Context.groovy}.
07:22:59.889 [Test worker] INFO org.springframework.test.context.support.AnnotationConfigContextLoaderUtils -- Could not detect default configuration classes for test class [com.glenntess.calculator.CalculatorApplicationTests]: CalculatorApplicationTests does not declare any static, non-private, non-final, nested classes annotated with @Configuration.
07:22:59.904 [Test worker] DEBUG org.springframework.boot.test.context.SpringBootTestContextBootstrapper -- Using ContextCustomizers for test class [CalculatorApplicationTests]: [DisableObservabilityContextCustomizer, PropertyMappingContextCustomizer, Customizer, ExcludeFilterContextCustomizer, DuplicateJsonObjectContextCustomizer, MockitoContextCustomizer, TestRestTemplateContextCustomizer]
07:22:59.961 [Test worker] DEBUG org.springframework.context.annotation.ClassPathScanningCandidateComponentProvider -- Identified candidate component class: file [/Users/glenn/Git/calculator/build/classes/java/main/com/glenntess/calculator/CalculatorApplication.class]
07:22:59.966 [Test worker] INFO org.springframework.boot.test.context.SpringBootTestContextBootstrapper -- Found @SpringBootConfiguration com.glenntess.calculator.CalculatorApplication for test class com.glenntess.calculator.CalculatorApplicationTests
07:23:00.036 [Test worker] DEBUG org.springframework.test.context.util.TestContextSpringFactoriesUtils -- Skipping candidate TestExecutionListener [org.springframework.test.context.transaction.TransactionalTestExecutionListener] due to a missing dependency. Specify custom TestExecutionListener classes or make the default TestExecutionListener classes and their required dependencies available. Offending class: [org/springframework/transaction/interceptor/TransactionAttributeSource]
07:23:00.037 [Test worker] DEBUG org.springframework.test.context.util.TestContextSpringFactoriesUtils -- Skipping candidate TestExecutionListener [org.springframework.test.context.jdbc.SqlScriptsTestExecutionListener] due to a missing dependency. Specify custom TestExecutionListener classes or make the default TestExecutionListener classes and their required dependencies available. Offending class: [org/springframework/transaction/interceptor/TransactionAttribute]
07:23:00.038 [Test worker] DEBUG org.springframework.boot.test.context.SpringBootTestContextBootstrapper -- Using TestExecutionListeners for test class [CalculatorApplicationTests]: [ServletTestExecutionListener, DirtiesContextBeforeModesTestExecutionListener, ApplicationEventsTestExecutionListener, MockitoTestExecutionListener, DependencyInjectionTestExecutionListener, DirtiesContextTestExecutionListener, EventPublishingTestExecutionListener, RestDocsTestExecutionListener, MockRestServiceServerResetTestExecutionListener, MockMvcPrintOnlyOnFailureTestExecutionListener, WebDriverTestExecutionListener, MockWebServiceServerTestExecutionListener, ResetMocksTestExecutionListener]
07:23:00.039 [Test worker] DEBUG org.springframework.test.context.support.AbstractDirtiesContextTestExecutionListener -- Before test class: class [CalculatorApplicationTests], class annotated with @DirtiesContext [false] with mode [null]

  .   ____          _            __ _ _
 /\\ / ___'_ __ _ _(_)_ __  __ _ \ \ \ \
( ( )\___ | '_ | '_| | '_ \/ _` | \ \ \ \
 \\/  ___)| |_)| | | | | || (_| |  ) ) ) )
  '  |____| .__|_| |_|_| |_\__, | / / / /
 =========|_|==============|___/=/_/_/_/
 :: Spring Boot ::                (v3.0.5)

2023-04-25T07:23:00.217+10:00  INFO 3199 --- [    Test worker] c.g.c.CalculatorApplicationTests         : Starting CalculatorApplicationTests using Java 17.0.6 with PID 3199 (started by glenn in /Users/glenn/Git/calculator)
2023-04-25T07:23:00.218+10:00  INFO 3199 --- [    Test worker] c.g.c.CalculatorApplicationTests         : No active profile set, falling back to 1 default profile: "default"
2023-04-25T07:23:01.004+10:00  INFO 3199 --- [    Test worker] c.g.c.CalculatorApplicationTests         : Started CalculatorApplicationTests in 0.938 seconds (process running for 1.983)
]]></system-out>
  <system-err><![CDATA[]]></system-err>
</testsuite>
